==12317== Memcheck, a memory error detector
==12317== Copyright (C) 2002-2017, and GNU GPL'd, by Julian Seward et al.
==12317== Using Valgrind-3.15.0 and LibVEX; rerun with -h for copyright info
==12317== Command: ./AS -p 58032
==12317== Parent PID: 4234
==12317== 
==12317== 
==12317== Process terminating with default action of signal 13 (SIGPIPE)
==12317==    at 0x4962077: write (write.c:26)
==12317==    by 0x10A40D: send_reply_tcp (server_jony.c:338)
==12317==    by 0x10A8DD: open_cmd (server_jony.c:433)
==12317==    by 0x10AA77: tcp_message (server_jony.c:463)
==12317==    by 0x10B051: server (server_jony.c:588)
==12317==    by 0x10B2BE: main (server_jony.c:656)
==12317== 
==12317== HEAP SUMMARY:
==12317==     in use at exit: 1,416 bytes in 3 blocks
==12317==   total heap usage: 10 allocs, 7 frees, 19,360 bytes allocated
==12317== 
==12317== LEAK SUMMARY:
==12317==    definitely lost: 0 bytes in 0 blocks
==12317==    indirectly lost: 0 bytes in 0 blocks
==12317==      possibly lost: 0 bytes in 0 blocks
==12317==    still reachable: 1,416 bytes in 3 blocks
==12317==         suppressed: 0 bytes in 0 blocks
==12317== Reachable blocks (those to which a pointer was found) are not shown.
==12317== To see them, rerun with: --leak-check=full --show-leak-kinds=all
==12317== 
==12317== For lists of detected and suppressed errors, rerun with: -s
==12317== ERROR SUMMARY: 0 errors from 0 contexts (suppressed: 0 from 0)
